  vshader.v.pica
  Game.cpp
  arm-none-eabi-g++ -MMD -MP -MF /d/Github/3DS-Homebrew-Template-With-PP2D/3DS-Homebrew-Template-With-PP2D/3DS-Homebrew-Template-With-PP2D/build/Game.d -g -Wall -O2 -mword-relocations -fomit-frame-pointer -ffunction-sections -march=armv6k -mtune=mpcore -mfloat-abi=hard -mtp=soft -I/d/Github/3DS-Homebrew-Template-With-PP2D/3DS-Homebrew-Template-With-PP2D/3DS-Homebrew-Template-With-PP2D/include -I/c/devkitPro/libctru/include -I/c/devkitPro/portlibs/armv6k/include -I/c/devkitPro/portlibs/3ds/include -I/d/Github/3DS-Homebrew-Template-With-PP2D/3DS-Homebrew-Template-With-PP2D/3DS-Homebrew-Template-With-PP2D/build -DARM11 -D_3DS -fno-rtti -fno-exceptions -std=gnu++11 -c /d/Github/3DS-Homebrew-Template-With-PP2D/3DS-Homebrew-Template-With-PP2D/3DS-Homebrew-Template-With-PP2D/source/Game.cpp -o Game.o 
  d:/Github/3DS-Homebrew-Template-With-PP2D/3DS-Homebrew-Template-With-PP2D/3DS-Homebrew-Template-With-PP2D/source/Game.cpp: In member function 'virtual void GameScreen::CheckInputs()':
d:/Github/3DS-Homebrew-Template-With-PP2D/3DS-Homebrew-Template-With-PP2D/3DS-Homebrew-Template-With-PP2D/source/Game.cpp(91,14): warning GEC9AB9D8: deleting object of polymorphic class type 'GameScreen' which has non-virtual destructor might cause undefined behavior [-Wdelete-non-virtual-dtor]
     delete(this);
                ^
  SceneManager.cpp
  arm-none-eabi-g++ -MMD -MP -MF /d/Github/3DS-Homebrew-Template-With-PP2D/3DS-Homebrew-Template-With-PP2D/3DS-Homebrew-Template-With-PP2D/build/SceneManager.d -g -Wall -O2 -mword-relocations -fomit-frame-pointer -ffunction-sections -march=armv6k -mtune=mpcore -mfloat-abi=hard -mtp=soft -I/d/Github/3DS-Homebrew-Template-With-PP2D/3DS-Homebrew-Template-With-PP2D/3DS-Homebrew-Template-With-PP2D/include -I/c/devkitPro/libctru/include -I/c/devkitPro/portlibs/armv6k/include -I/c/devkitPro/portlibs/3ds/include -I/d/Github/3DS-Homebrew-Template-With-PP2D/3DS-Homebrew-Template-With-PP2D/3DS-Homebrew-Template-With-PP2D/build -DARM11 -D_3DS -fno-rtti -fno-exceptions -std=gnu++11 -c /d/Github/3DS-Homebrew-Template-With-PP2D/3DS-Homebrew-Template-With-PP2D/3DS-Homebrew-Template-With-PP2D/source/SceneManager.cpp -o SceneManager.o 
  SplashScreen.cpp
  arm-none-eabi-g++ -MMD -MP -MF /d/Github/3DS-Homebrew-Template-With-PP2D/3DS-Homebrew-Template-With-PP2D/3DS-Homebrew-Template-With-PP2D/build/SplashScreen.d -g -Wall -O2 -mword-relocations -fomit-frame-pointer -ffunction-sections -march=armv6k -mtune=mpcore -mfloat-abi=hard -mtp=soft -I/d/Github/3DS-Homebrew-Template-With-PP2D/3DS-Homebrew-Template-With-PP2D/3DS-Homebrew-Template-With-PP2D/include -I/c/devkitPro/libctru/include -I/c/devkitPro/portlibs/armv6k/include -I/c/devkitPro/portlibs/3ds/include -I/d/Github/3DS-Homebrew-Template-With-PP2D/3DS-Homebrew-Template-With-PP2D/3DS-Homebrew-Template-With-PP2D/build -DARM11 -D_3DS -fno-rtti -fno-exceptions -std=gnu++11 -c /d/Github/3DS-Homebrew-Template-With-PP2D/3DS-Homebrew-Template-With-PP2D/3DS-Homebrew-Template-With-PP2D/source/SplashScreen.cpp -o SplashScreen.o 
  d:/Github/3DS-Homebrew-Template-With-PP2D/3DS-Homebrew-Template-With-PP2D/3DS-Homebrew-Template-With-PP2D/source/SplashScreen.cpp: In member function 'void SplashScreen::GoToGame()':
d:/Github/3DS-Homebrew-Template-With-PP2D/3DS-Homebrew-Template-With-PP2D/3DS-Homebrew-Template-With-PP2D/source/SplashScreen.cpp(112,13): warning GEC9AB9D8: deleting object of polymorphic class type 'SplashScreen' which has non-virtual destructor might cause undefined behavior [-Wdelete-non-virtual-dtor]
    delete(this);
               ^
  main.cpp
  arm-none-eabi-g++ -MMD -MP -MF /d/Github/3DS-Homebrew-Template-With-PP2D/3DS-Homebrew-Template-With-PP2D/3DS-Homebrew-Template-With-PP2D/build/main.d -g -Wall -O2 -mword-relocations -fomit-frame-pointer -ffunction-sections -march=armv6k -mtune=mpcore -mfloat-abi=hard -mtp=soft -I/d/Github/3DS-Homebrew-Template-With-PP2D/3DS-Homebrew-Template-With-PP2D/3DS-Homebrew-Template-With-PP2D/include -I/c/devkitPro/libctru/include -I/c/devkitPro/portlibs/armv6k/include -I/c/devkitPro/portlibs/3ds/include -I/d/Github/3DS-Homebrew-Template-With-PP2D/3DS-Homebrew-Template-With-PP2D/3DS-Homebrew-Template-With-PP2D/build -DARM11 -D_3DS -fno-rtti -fno-exceptions -std=gnu++11 -c /d/Github/3DS-Homebrew-Template-With-PP2D/3DS-Homebrew-Template-With-PP2D/3DS-Homebrew-Template-With-PP2D/source/main.cpp -o main.o 
d:/Github/3DS-Homebrew-Template-With-PP2D/3DS-Homebrew-Template-With-PP2D/3DS-Homebrew-Template-With-PP2D/source/main.cpp(1,9): warning G22EB126D: #pragma once in main file
   #pragma once
           ^~~~
  sound.cpp
  arm-none-eabi-g++ -MMD -MP -MF /d/Github/3DS-Homebrew-Template-With-PP2D/3DS-Homebrew-Template-With-PP2D/3DS-Homebrew-Template-With-PP2D/build/sound.d -g -Wall -O2 -mword-relocations -fomit-frame-pointer -ffunction-sections -march=armv6k -mtune=mpcore -mfloat-abi=hard -mtp=soft -I/d/Github/3DS-Homebrew-Template-With-PP2D/3DS-Homebrew-Template-With-PP2D/3DS-Homebrew-Template-With-PP2D/include -I/c/devkitPro/libctru/include -I/c/devkitPro/portlibs/armv6k/include -I/c/devkitPro/portlibs/3ds/include -I/d/Github/3DS-Homebrew-Template-With-PP2D/3DS-Homebrew-Template-With-PP2D/3DS-Homebrew-Template-With-PP2D/build -DARM11 -D_3DS -fno-rtti -fno-exceptions -std=gnu++11 -c /d/Github/3DS-Homebrew-Template-With-PP2D/3DS-Homebrew-Template-With-PP2D/3DS-Homebrew-Template-With-PP2D/source/sound.cpp -o sound.o 
  lodepng.c
  arm-none-eabi-gcc -MMD -MP -MF /d/Github/3DS-Homebrew-Template-With-PP2D/3DS-Homebrew-Template-With-PP2D/3DS-Homebrew-Template-With-PP2D/build/lodepng.d -g -Wall -O2 -mword-relocations -fomit-frame-pointer -ffunction-sections -march=armv6k -mtune=mpcore -mfloat-abi=hard -mtp=soft -I/d/Github/3DS-Homebrew-Template-With-PP2D/3DS-Homebrew-Template-With-PP2D/3DS-Homebrew-Template-With-PP2D/include -I/c/devkitPro/libctru/include -I/c/devkitPro/portlibs/armv6k/include -I/c/devkitPro/portlibs/3ds/include -I/d/Github/3DS-Homebrew-Template-With-PP2D/3DS-Homebrew-Template-With-PP2D/3DS-Homebrew-Template-With-PP2D/build -DARM11 -D_3DS -c /d/Github/3DS-Homebrew-Template-With-PP2D/3DS-Homebrew-Template-With-PP2D/3DS-Homebrew-Template-With-PP2D/source/pp2d/lodepng.c -o lodepng.o 
  pp2d.c
  arm-none-eabi-gcc -MMD -MP -MF /d/Github/3DS-Homebrew-Template-With-PP2D/3DS-Homebrew-Template-With-PP2D/3DS-Homebrew-Template-With-PP2D/build/pp2d.d -g -Wall -O2 -mword-relocations -fomit-frame-pointer -ffunction-sections -march=armv6k -mtune=mpcore -mfloat-abi=hard -mtp=soft -I/d/Github/3DS-Homebrew-Template-With-PP2D/3DS-Homebrew-Template-With-PP2D/3DS-Homebrew-Template-With-PP2D/include -I/c/devkitPro/libctru/include -I/c/devkitPro/portlibs/armv6k/include -I/c/devkitPro/portlibs/3ds/include -I/d/Github/3DS-Homebrew-Template-With-PP2D/3DS-Homebrew-Template-With-PP2D/3DS-Homebrew-Template-With-PP2D/build -DARM11 -D_3DS -c /d/Github/3DS-Homebrew-Template-With-PP2D/3DS-Homebrew-Template-With-PP2D/3DS-Homebrew-Template-With-PP2D/source/pp2d/pp2d.c -o pp2d.o 
  linking 3DS-Homebrew-Template-With-PP2D.elf
  built ... 3DS-Homebrew-Template-With-PP2D.smdh
  built ... 3DS-Homebrew-Template-With-PP2D.3dsx
